<?xml version="1.0" encoding="UTF-8"?>
<!-- Generated by org.testng.reporters.JUnitReportReporter -->
<testsuite hostname="LAPTOP-05TVQVCO" failures="0" tests="5" name="com.tutorialninja.qa.testcases.Login" time="19.577" errors="0" timestamp="2023-09-11T17:00:57 IST" skipped="0">
  <testcase classname="com.tutorialninja.qa.testcases.Login" name="VerifyLoginWithValidCredentials" time="4.584"/>
  <testcase classname="com.tutorialninja.qa.testcases.Login" name="VerifyLoginWithInvalidCredentials" time="3.810"/>
  <testcase classname="com.tutorialninja.qa.testcases.Login" name="VerifyLoginWithValidEmailAddressandInvalidpasword" time="3.774"/>
  <testcase classname="com.tutorialninja.qa.testcases.Login" name="VerifyLoginWithInValidEmailAddressandvalidpasword" time="3.727"/>
  <testcase classname="com.tutorialninja.qa.testcases.Login" name="VerifyLoginWithoutProvidingCredentials" time="3.682"/>
</testsuite> <!-- com.tutorialninja.qa.testcases.Login -->
