<?xml version="1.0" encoding="UTF-8"?>
<!-- Generated by org.testng.reporters.JUnitReportReporter -->
<testsuite hostname="LAPTOP-05TVQVCO" failures="0" tests="4" name="com.tutorialninja.qa.testcases.Register" time="19.805" errors="0" timestamp="2023-09-11T17:00:57 IST" skipped="0">
  <testcase classname="com.tutorialninja.qa.testcases.Register" name="verifyRegisteringAnAccountWithMandatoryFields" time="7.295"/>
  <testcase classname="com.tutorialninja.qa.testcases.Register" name="verifyRegisteringAnAccountWithAllFields" time="4.876"/>
  <testcase classname="com.tutorialninja.qa.testcases.Register" name="verifyRegisteringAnAccountWithExsistingEmailAddress" time="3.833"/>
  <testcase classname="com.tutorialninja.qa.testcases.Register" name="verifyRegisteringAnAccountWithoutFillingAnyDetails" time="3.801"/>
</testsuite> <!-- com.tutorialninja.qa.testcases.Register -->
