<?xml version="1.0" encoding="UTF-8"?>
<!-- Generated by org.testng.reporters.JUnitReportReporter -->
<testsuite hostname="LAPTOP-05TVQVCO" failures="0" tests="3" name="com.tutorialninja.qa.testcases.Search" time="9.247" errors="0" timestamp="2023-09-11T17:00:57 IST" skipped="0">
  <testcase classname="com.tutorialninja.qa.testcases.Search" name="verifySearchWithValidProruct" time="3.288"/>
  <testcase classname="com.tutorialninja.qa.testcases.Search" name="verifySearchWithInValidProruct" time="3.057"/>
  <testcase classname="com.tutorialninja.qa.testcases.Search" name="verifySearchWithoutAnyProruct" time="2.902"/>
</testsuite> <!-- com.tutorialninja.qa.testcases.Search -->
